<?xml version="1.0" encoding="UTF-8" ?>
<testsuite failures="0" time="0.003" errors="0" skipped="0" tests="2" name="com.github.mysql2excel.M2EHelperTest">
  <properties>
    <property name="java.runtime.name" value="Java(TM) SE Runtime Environment"/>
    <property name="sun.boot.library.path" value="C:\Program Files\Java\jdk1.6.0_31\jre\bin"/>
    <property name="java.vm.version" value="20.6-b01"/>
    <property name="java.vm.vendor" value="Sun Microsystems Inc."/>
    <property name="java.vendor.url" value="http://java.sun.com/"/>
    <property name="path.separator" value=";"/>
    <property name="java.vm.name" value="Java HotSpot(TM) 64-Bit Server VM"/>
    <property name="file.encoding.pkg" value="sun.io"/>
    <property name="user.country" value="CN"/>
    <property name="sun.java.launcher" value="SUN_STANDARD"/>
    <property name="sun.os.patch.level" value="Service Pack 1"/>
    <property name="java.vm.specification.name" value="Java Virtual Machine Specification"/>
    <property name="user.dir" value="C:\Users\ColinZhang\workspace\mysql2excel"/>
    <property name="java.runtime.version" value="1.6.0_31-b05"/>
    <property name="java.awt.graphicsenv" value="sun.awt.Win32GraphicsEnvironment"/>
    <property name="basedir" value="C:\Users\ColinZhang\workspace\mysql2excel"/>
    <property name="java.endorsed.dirs" value="C:\Program Files\Java\jdk1.6.0_31\jre\lib\endorsed"/>
    <property name="os.arch" value="amd64"/>
    <property name="surefire.real.class.path" value="C:\Users\ColinZhang\workspace\mysql2excel\target\surefire\surefirebooter4672010461142675225.jar"/>
    <property name="java.io.tmpdir" value="C:\Users\COLINZ~1\AppData\Local\Temp\"/>
    <property name="line.separator" value="
"/>
    <property name="java.vm.specification.vendor" value="Sun Microsystems Inc."/>
    <property name="user.variant" value=""/>
    <property name="os.name" value="Windows 7"/>
    <property name="sun.jnu.encoding" value="GBK"/>
    <property name="java.library.path" value="C:\Program Files\Java\jdk1.6.0_31\jre\bin;C:\Windows\Sun\Java\bin;C:\Windows\system32;C:\Windows;D:\ruby\Ruby193\bin;C:\Program Files\Common Files\Microsoft Shared\Windows Live;D:\Android\android-sdk-windows\tools;D:\Android\android-sdk-windows\platform-tools;D:\Software\Sencha\SenchaSDKTools-2.0.0-Beta\jsbuilder;D:\Software\Sencha\SenchaSDKTools-2.0.0-Beta\bin;D:\Software\Sencha\SenchaSDKTools-2.0.0-Beta;D:\Software\Play\play-2.0;C:\Program Files (x86)\Git\bin;D:\Program Files\apache-ant-1.8.2\bin;D:\Program Files\Maven\apache-maven-3.0.3\bin;C:\Program Files\Java\jdk1.6.0_31\bin;C:\Windows\system32;C:\Windows;C:\Windows\System32\Wbem;C:\Windows\System32\WindowsPowerShell\v1.0\;C:\Program Files\MySQL\MySQL Server 5.5\bin;C:\Program Files\TortoiseGit\bin;C:\Program Files (x86)\WinMerge;C:\Program Files\TortoiseSVN\bin;C:\Program Files\Common Files\Microsoft Shared\Windows Live;."/>
    <property name="surefire.test.class.path" value="C:\Users\ColinZhang\workspace\mysql2excel\target\test-classes;C:\Users\ColinZhang\workspace\mysql2excel\target\classes;D:\Program Files\Maven\repository\org\apache\poi\poi\3.8\poi-3.8.jar;D:\Program Files\Maven\repository\commons-codec\commons-codec\1.5\commons-codec-1.5.jar;D:\Program Files\Maven\repository\org\apache\poi\poi-ooxml\3.8\poi-ooxml-3.8.jar;D:\Program Files\Maven\repository\org\apache\poi\poi-ooxml-schemas\3.8\poi-ooxml-schemas-3.8.jar;D:\Program Files\Maven\repository\org\apache\xmlbeans\xmlbeans\2.3.0\xmlbeans-2.3.0.jar;D:\Program Files\Maven\repository\stax\stax-api\1.0.1\stax-api-1.0.1.jar;D:\Program Files\Maven\repository\dom4j\dom4j\1.6.1\dom4j-1.6.1.jar;D:\Program Files\Maven\repository\xml-apis\xml-apis\1.0.b2\xml-apis-1.0.b2.jar;D:\Program Files\Maven\repository\mysql\mysql-connector-java\5.1.20\mysql-connector-java-5.1.20.jar;D:\Program Files\Maven\repository\junit\junit\4.8.2\junit-4.8.2.jar;D:\Program Files\Maven\repository\commons-lang\commons-lang\2.5\commons-lang-2.5.jar;"/>
    <property name="java.specification.name" value="Java Platform API Specification"/>
    <property name="java.class.version" value="50.0"/>
    <property name="sun.management.compiler" value="HotSpot 64-Bit Tiered Compilers"/>
    <property name="os.version" value="6.1"/>
    <property name="user.home" value="C:\Users\ColinZhang"/>
    <property name="user.timezone" value="Asia/Shanghai"/>
    <property name="java.awt.printerjob" value="sun.awt.windows.WPrinterJob"/>
    <property name="java.specification.version" value="1.6"/>
    <property name="file.encoding" value="GBK"/>
    <property name="user.name" value="ColinZhang"/>
    <property name="java.class.path" value="C:\Users\ColinZhang\workspace\mysql2excel\target\test-classes;C:\Users\ColinZhang\workspace\mysql2excel\target\classes;D:\Program Files\Maven\repository\org\apache\poi\poi\3.8\poi-3.8.jar;D:\Program Files\Maven\repository\commons-codec\commons-codec\1.5\commons-codec-1.5.jar;D:\Program Files\Maven\repository\org\apache\poi\poi-ooxml\3.8\poi-ooxml-3.8.jar;D:\Program Files\Maven\repository\org\apache\poi\poi-ooxml-schemas\3.8\poi-ooxml-schemas-3.8.jar;D:\Program Files\Maven\repository\org\apache\xmlbeans\xmlbeans\2.3.0\xmlbeans-2.3.0.jar;D:\Program Files\Maven\repository\stax\stax-api\1.0.1\stax-api-1.0.1.jar;D:\Program Files\Maven\repository\dom4j\dom4j\1.6.1\dom4j-1.6.1.jar;D:\Program Files\Maven\repository\xml-apis\xml-apis\1.0.b2\xml-apis-1.0.b2.jar;D:\Program Files\Maven\repository\mysql\mysql-connector-java\5.1.20\mysql-connector-java-5.1.20.jar;D:\Program Files\Maven\repository\junit\junit\4.8.2\junit-4.8.2.jar;D:\Program Files\Maven\repository\commons-lang\commons-lang\2.5\commons-lang-2.5.jar;"/>
    <property name="java.vm.specification.version" value="1.0"/>
    <property name="sun.arch.data.model" value="64"/>
    <property name="java.home" value="C:\Program Files\Java\jdk1.6.0_31\jre"/>
    <property name="sun.java.command" value="C:\Users\ColinZhang\workspace\mysql2excel\target\surefire\surefirebooter4672010461142675225.jar C:\Users\ColinZhang\workspace\mysql2excel\target\surefire\surefire8232471266640959382tmp C:\Users\ColinZhang\workspace\mysql2excel\target\surefire\surefire8700303213943493280tmp"/>
    <property name="java.specification.vendor" value="Sun Microsystems Inc."/>
    <property name="user.language" value="zh"/>
    <property name="awt.toolkit" value="sun.awt.windows.WToolkit"/>
    <property name="java.vm.info" value="mixed mode"/>
    <property name="java.version" value="1.6.0_31"/>
    <property name="java.ext.dirs" value="C:\Program Files\Java\jdk1.6.0_31\jre\lib\ext;C:\Windows\Sun\Java\lib\ext"/>
    <property name="sun.boot.class.path" value="C:\Program Files\Java\jdk1.6.0_31\jre\lib\resources.jar;C:\Program Files\Java\jdk1.6.0_31\jre\lib\rt.jar;C:\Program Files\Java\jdk1.6.0_31\jre\lib\sunrsasign.jar;C:\Program Files\Java\jdk1.6.0_31\jre\lib\jsse.jar;C:\Program Files\Java\jdk1.6.0_31\jre\lib\jce.jar;C:\Program Files\Java\jdk1.6.0_31\jre\lib\charsets.jar;C:\Program Files\Java\jdk1.6.0_31\jre\lib\modules\jdk.boot.jar;C:\Program Files\Java\jdk1.6.0_31\jre\classes"/>
    <property name="java.vendor" value="Sun Microsystems Inc."/>
    <property name="localRepository" value="D:\Program Files\Maven\repository"/>
    <property name="file.separator" value="\"/>
    <property name="java.vendor.url.bug" value="http://java.sun.com/cgi-bin/bugreport.cgi"/>
    <property name="sun.cpu.endian" value="little"/>
    <property name="sun.io.unicode.encoding" value="UnicodeLittle"/>
    <property name="sun.desktop" value="windows"/>
    <property name="sun.cpu.isalist" value="amd64"/>
  </properties>
  <testcase time="0.001" classname="com.github.mysql2excel.M2EHelperTest" name="testLoadProperties"/>
  <testcase time="0" classname="com.github.mysql2excel.M2EHelperTest" name="testGetJDBCConfigWithParameter"/>
</testsuite>